  lab3_2.cpp
C:\Projects\VisualStudioProjects\lab3sp\lab3_2\lab3_2.cpp(13,22): warning C4566: character represented by universal-character-name '\u041D' cannot be represented in the current code page (1252)
C:\Projects\VisualStudioProjects\lab3sp\lab3_2\lab3_2.cpp(13,22): warning C4566: character represented by universal-character-name '\u0435' cannot be represented in the current code page (1252)
C:\Projects\VisualStudioProjects\lab3sp\lab3_2\lab3_2.cpp(13,22): warning C4566: character represented by universal-character-name '\u0443' cannot be represented in the current code page (1252)
C:\Projects\VisualStudioProjects\lab3sp\lab3_2\lab3_2.cpp(13,22): warning C4566: character represented by universal-character-name '\u0434' cannot be represented in the current code page (1252)
C:\Projects\VisualStudioProjects\lab3sp\lab3_2\lab3_2.cpp(13,22): warning C4566: character represented by universal-character-name '\u0430' cannot be represented in the current code page (1252)
C:\Projects\VisualStudioProjects\lab3sp\lab3_2\lab3_2.cpp(13,22): warning C4566: character represented by universal-character-name '\u043B' cannot be represented in the current code page (1252)
C:\Projects\VisualStudioProjects\lab3sp\lab3_2\lab3_2.cpp(13,22): warning C4566: character represented by universal-character-name '\u043E' cannot be represented in the current code page (1252)
C:\Projects\VisualStudioProjects\lab3sp\lab3_2\lab3_2.cpp(13,22): warning C4566: character represented by universal-character-name '\u0441' cannot be represented in the current code page (1252)
C:\Projects\VisualStudioProjects\lab3sp\lab3_2\lab3_2.cpp(13,22): warning C4566: character represented by universal-character-name '\u044C' cannot be represented in the current code page (1252)
C:\Projects\VisualStudioProjects\lab3sp\lab3_2\lab3_2.cpp(13,22): warning C4566: character represented by universal-character-name '\u0437' cannot be represented in the current code page (1252)
C:\Projects\VisualStudioProjects\lab3sp\lab3_2\lab3_2.cpp(13,22): warning C4566: character represented by universal-character-name '\u0433' cannot be represented in the current code page (1252)
C:\Projects\VisualStudioProjects\lab3sp\lab3_2\lab3_2.cpp(13,22): warning C4566: character represented by universal-character-name '\u0440' cannot be represented in the current code page (1252)
C:\Projects\VisualStudioProjects\lab3sp\lab3_2\lab3_2.cpp(13,22): warning C4566: character represented by universal-character-name '\u0438' cannot be represented in the current code page (1252)
C:\Projects\VisualStudioProjects\lab3sp\lab3_2\lab3_2.cpp(13,22): warning C4566: character represented by universal-character-name '\u0442' cannot be represented in the current code page (1252)
C:\Projects\VisualStudioProjects\lab3sp\lab3_2\lab3_2.cpp(22,22): warning C4566: character represented by universal-character-name '\u041D' cannot be represented in the current code page (1252)
C:\Projects\VisualStudioProjects\lab3sp\lab3_2\lab3_2.cpp(22,22): warning C4566: character represented by universal-character-name '\u0435' cannot be represented in the current code page (1252)
C:\Projects\VisualStudioProjects\lab3sp\lab3_2\lab3_2.cpp(22,22): warning C4566: character represented by universal-character-name '\u0443' cannot be represented in the current code page (1252)
C:\Projects\VisualStudioProjects\lab3sp\lab3_2\lab3_2.cpp(22,22): warning C4566: character represented by universal-character-name '\u0434' cannot be represented in the current code page (1252)
C:\Projects\VisualStudioProjects\lab3sp\lab3_2\lab3_2.cpp(22,22): warning C4566: character represented by universal-character-name '\u0430' cannot be represented in the current code page (1252)
C:\Projects\VisualStudioProjects\lab3sp\lab3_2\lab3_2.cpp(22,22): warning C4566: character represented by universal-character-name '\u043B' cannot be represented in the current code page (1252)
C:\Projects\VisualStudioProjects\lab3sp\lab3_2\lab3_2.cpp(22,22): warning C4566: character represented by universal-character-name '\u043E' cannot be represented in the current code page (1252)
C:\Projects\VisualStudioProjects\lab3sp\lab3_2\lab3_2.cpp(22,22): warning C4566: character represented by universal-character-name '\u0441' cannot be represented in the current code page (1252)
C:\Projects\VisualStudioProjects\lab3sp\lab3_2\lab3_2.cpp(22,22): warning C4566: character represented by universal-character-name '\u044C' cannot be represented in the current code page (1252)
C:\Projects\VisualStudioProjects\lab3sp\lab3_2\lab3_2.cpp(22,22): warning C4566: character represented by universal-character-name '\u043D' cannot be represented in the current code page (1252)
C:\Projects\VisualStudioProjects\lab3sp\lab3_2\lab3_2.cpp(22,22): warning C4566: character represented by universal-character-name '\u0439' cannot be represented in the current code page (1252)
C:\Projects\VisualStudioProjects\lab3sp\lab3_2\lab3_2.cpp(22,22): warning C4566: character represented by universal-character-name '\u0442' cannot be represented in the current code page (1252)
C:\Projects\VisualStudioProjects\lab3sp\lab3_2\lab3_2.cpp(22,22): warning C4566: character represented by universal-character-name '\u0438' cannot be represented in the current code page (1252)
C:\Projects\VisualStudioProjects\lab3sp\lab3_2\lab3_2.cpp(22,22): warning C4566: character represented by universal-character-name '\u0444' cannot be represented in the current code page (1252)
C:\Projects\VisualStudioProjects\lab3sp\lab3_2\lab3_2.cpp(22,22): warning C4566: character represented by universal-character-name '\u043A' cannot be represented in the current code page (1252)
C:\Projects\VisualStudioProjects\lab3sp\lab3_2\lab3_2.cpp(22,22): warning C4566: character represented by universal-character-name '\u0446' cannot be represented in the current code page (1252)
C:\Projects\VisualStudioProjects\lab3sp\lab3_2\lab3_2.cpp(22,22): warning C4566: character represented by universal-character-name '\u044E' cannot be represented in the current code page (1252)
C:\Projects\VisualStudioProjects\lab3sp\lab3_2\lab3_2.cpp(22,22): warning C4566: character represented by universal-character-name '\u0432' cannot be represented in the current code page (1252)
  lab3_2.vcxproj -> C:\Projects\VisualStudioProjects\lab3sp\lab3_2\x64\Debug\lab3_2.exe
