  lab3_3.cpp
C:\Projects\VisualStudioProjects\lab3sp\lab3_3\lab3_3.cpp(15,22): warning C4566: character represented by universal-character-name '\u041D' cannot be represented in the current code page (1252)
C:\Projects\VisualStudioProjects\lab3sp\lab3_3\lab3_3.cpp(15,22): warning C4566: character represented by universal-character-name '\u0435' cannot be represented in the current code page (1252)
C:\Projects\VisualStudioProjects\lab3sp\lab3_3\lab3_3.cpp(15,22): warning C4566: character represented by universal-character-name '\u0443' cannot be represented in the current code page (1252)
C:\Projects\VisualStudioProjects\lab3sp\lab3_3\lab3_3.cpp(15,22): warning C4566: character represented by universal-character-name '\u0434' cannot be represented in the current code page (1252)
C:\Projects\VisualStudioProjects\lab3sp\lab3_3\lab3_3.cpp(15,22): warning C4566: character represented by universal-character-name '\u0430' cannot be represented in the current code page (1252)
C:\Projects\VisualStudioProjects\lab3sp\lab3_3\lab3_3.cpp(15,22): warning C4566: character represented by universal-character-name '\u043B' cannot be represented in the current code page (1252)
C:\Projects\VisualStudioProjects\lab3sp\lab3_3\lab3_3.cpp(15,22): warning C4566: character represented by universal-character-name '\u043E' cannot be represented in the current code page (1252)
C:\Projects\VisualStudioProjects\lab3sp\lab3_3\lab3_3.cpp(15,22): warning C4566: character represented by universal-character-name '\u0441' cannot be represented in the current code page (1252)
C:\Projects\VisualStudioProjects\lab3sp\lab3_3\lab3_3.cpp(15,22): warning C4566: character represented by universal-character-name '\u044C' cannot be represented in the current code page (1252)
C:\Projects\VisualStudioProjects\lab3sp\lab3_3\lab3_3.cpp(15,22): warning C4566: character represented by universal-character-name '\u043D' cannot be represented in the current code page (1252)
C:\Projects\VisualStudioProjects\lab3sp\lab3_3\lab3_3.cpp(15,22): warning C4566: character represented by universal-character-name '\u0439' cannot be represented in the current code page (1252)
C:\Projects\VisualStudioProjects\lab3sp\lab3_3\lab3_3.cpp(15,22): warning C4566: character represented by universal-character-name '\u0442' cannot be represented in the current code page (1252)
C:\Projects\VisualStudioProjects\lab3sp\lab3_3\lab3_3.cpp(15,22): warning C4566: character represented by universal-character-name '\u0438' cannot be represented in the current code page (1252)
C:\Projects\VisualStudioProjects\lab3sp\lab3_3\lab3_3.cpp(15,22): warning C4566: character represented by universal-character-name '\u0444' cannot be represented in the current code page (1252)
C:\Projects\VisualStudioProjects\lab3sp\lab3_3\lab3_3.cpp(15,22): warning C4566: character represented by universal-character-name '\u043A' cannot be represented in the current code page (1252)
C:\Projects\VisualStudioProjects\lab3sp\lab3_3\lab3_3.cpp(15,22): warning C4566: character represented by universal-character-name '\u0446' cannot be represented in the current code page (1252)
C:\Projects\VisualStudioProjects\lab3sp\lab3_3\lab3_3.cpp(15,22): warning C4566: character represented by universal-character-name '\u044E' cannot be represented in the current code page (1252)
C:\Projects\VisualStudioProjects\lab3sp\lab3_3\lab3_3.cpp(15,22): warning C4566: character represented by universal-character-name '\u0432' cannot be represented in the current code page (1252)
C:\Projects\VisualStudioProjects\lab3sp\lab3_3\lab3_3.cpp(32,22): warning C4566: character represented by universal-character-name '\u041D' cannot be represented in the current code page (1252)
C:\Projects\VisualStudioProjects\lab3sp\lab3_3\lab3_3.cpp(32,22): warning C4566: character represented by universal-character-name '\u0435' cannot be represented in the current code page (1252)
C:\Projects\VisualStudioProjects\lab3sp\lab3_3\lab3_3.cpp(32,22): warning C4566: character represented by universal-character-name '\u0443' cannot be represented in the current code page (1252)
C:\Projects\VisualStudioProjects\lab3sp\lab3_3\lab3_3.cpp(32,22): warning C4566: character represented by universal-character-name '\u0434' cannot be represented in the current code page (1252)
C:\Projects\VisualStudioProjects\lab3sp\lab3_3\lab3_3.cpp(32,22): warning C4566: character represented by universal-character-name '\u0430' cannot be represented in the current code page (1252)
C:\Projects\VisualStudioProjects\lab3sp\lab3_3\lab3_3.cpp(32,22): warning C4566: character represented by universal-character-name '\u043B' cannot be represented in the current code page (1252)
C:\Projects\VisualStudioProjects\lab3sp\lab3_3\lab3_3.cpp(32,22): warning C4566: character represented by universal-character-name '\u043E' cannot be represented in the current code page (1252)
C:\Projects\VisualStudioProjects\lab3sp\lab3_3\lab3_3.cpp(32,22): warning C4566: character represented by universal-character-name '\u0441' cannot be represented in the current code page (1252)
C:\Projects\VisualStudioProjects\lab3sp\lab3_3\lab3_3.cpp(32,22): warning C4566: character represented by universal-character-name '\u044C' cannot be represented in the current code page (1252)
C:\Projects\VisualStudioProjects\lab3sp\lab3_3\lab3_3.cpp(32,22): warning C4566: character represented by universal-character-name '\u0437' cannot be represented in the current code page (1252)
C:\Projects\VisualStudioProjects\lab3sp\lab3_3\lab3_3.cpp(32,22): warning C4566: character represented by universal-character-name '\u0433' cannot be represented in the current code page (1252)
C:\Projects\VisualStudioProjects\lab3sp\lab3_3\lab3_3.cpp(32,22): warning C4566: character represented by universal-character-name '\u0440' cannot be represented in the current code page (1252)
C:\Projects\VisualStudioProjects\lab3sp\lab3_3\lab3_3.cpp(32,22): warning C4566: character represented by universal-character-name '\u0438' cannot be represented in the current code page (1252)
C:\Projects\VisualStudioProjects\lab3sp\lab3_3\lab3_3.cpp(32,22): warning C4566: character represented by universal-character-name '\u0442' cannot be represented in the current code page (1252)
C:\Projects\VisualStudioProjects\lab3sp\lab3_3\lab3_3.cpp(41,22): warning C4566: character represented by universal-character-name '\u041D' cannot be represented in the current code page (1252)
C:\Projects\VisualStudioProjects\lab3sp\lab3_3\lab3_3.cpp(41,22): warning C4566: character represented by universal-character-name '\u0435' cannot be represented in the current code page (1252)
C:\Projects\VisualStudioProjects\lab3sp\lab3_3\lab3_3.cpp(41,22): warning C4566: character represented by universal-character-name '\u0443' cannot be represented in the current code page (1252)
C:\Projects\VisualStudioProjects\lab3sp\lab3_3\lab3_3.cpp(41,22): warning C4566: character represented by universal-character-name '\u0434' cannot be represented in the current code page (1252)
C:\Projects\VisualStudioProjects\lab3sp\lab3_3\lab3_3.cpp(41,22): warning C4566: character represented by universal-character-name '\u0430' cannot be represented in the current code page (1252)
C:\Projects\VisualStudioProjects\lab3sp\lab3_3\lab3_3.cpp(41,22): warning C4566: character represented by universal-character-name '\u043B' cannot be represented in the current code page (1252)
C:\Projects\VisualStudioProjects\lab3sp\lab3_3\lab3_3.cpp(41,22): warning C4566: character represented by universal-character-name '\u043E' cannot be represented in the current code page (1252)
C:\Projects\VisualStudioProjects\lab3sp\lab3_3\lab3_3.cpp(41,22): warning C4566: character represented by universal-character-name '\u0441' cannot be represented in the current code page (1252)
C:\Projects\VisualStudioProjects\lab3sp\lab3_3\lab3_3.cpp(41,22): warning C4566: character represented by universal-character-name '\u044C' cannot be represented in the current code page (1252)
C:\Projects\VisualStudioProjects\lab3sp\lab3_3\lab3_3.cpp(41,22): warning C4566: character represented by universal-character-name '\u0442' cannot be represented in the current code page (1252)
C:\Projects\VisualStudioProjects\lab3sp\lab3_3\lab3_3.cpp(41,22): warning C4566: character represented by universal-character-name '\u043A' cannot be represented in the current code page (1252)
C:\Projects\VisualStudioProjects\lab3sp\lab3_3\lab3_3.cpp(41,22): warning C4566: character represented by universal-character-name '\u0440' cannot be represented in the current code page (1252)
C:\Projects\VisualStudioProjects\lab3sp\lab3_3\lab3_3.cpp(41,22): warning C4566: character represented by universal-character-name '\u044B' cannot be represented in the current code page (1252)
C:\Projects\VisualStudioProjects\lab3sp\lab3_3\lab3_3.cpp(41,22): warning C4566: character represented by universal-character-name '\u043F' cannot be represented in the current code page (1252)
C:\Projects\VisualStudioProjects\lab3sp\lab3_3\lab3_3.cpp(41,22): warning C4566: character represented by universal-character-name '\u0446' cannot be represented in the current code page (1252)
C:\Projects\VisualStudioProjects\lab3sp\lab3_3\lab3_3.cpp(51,22): warning C4566: character represented by universal-character-name '\u041D' cannot be represented in the current code page (1252)
C:\Projects\VisualStudioProjects\lab3sp\lab3_3\lab3_3.cpp(51,22): warning C4566: character represented by universal-character-name '\u0435' cannot be represented in the current code page (1252)
C:\Projects\VisualStudioProjects\lab3sp\lab3_3\lab3_3.cpp(51,22): warning C4566: character represented by universal-character-name '\u0443' cannot be represented in the current code page (1252)
C:\Projects\VisualStudioProjects\lab3sp\lab3_3\lab3_3.cpp(51,22): warning C4566: character represented by universal-character-name '\u0434' cannot be represented in the current code page (1252)
C:\Projects\VisualStudioProjects\lab3sp\lab3_3\lab3_3.cpp(51,22): warning C4566: character represented by universal-character-name '\u0430' cannot be represented in the current code page (1252)
C:\Projects\VisualStudioProjects\lab3sp\lab3_3\lab3_3.cpp(51,22): warning C4566: character represented by universal-character-name '\u043B' cannot be represented in the current code page (1252)
C:\Projects\VisualStudioProjects\lab3sp\lab3_3\lab3_3.cpp(51,22): warning C4566: character represented by universal-character-name '\u043E' cannot be represented in the current code page (1252)
C:\Projects\VisualStudioProjects\lab3sp\lab3_3\lab3_3.cpp(51,22): warning C4566: character represented by universal-character-name '\u0441' cannot be represented in the current code page (1252)
C:\Projects\VisualStudioProjects\lab3sp\lab3_3\lab3_3.cpp(51,22): warning C4566: character represented by universal-character-name '\u044C' cannot be represented in the current code page (1252)
C:\Projects\VisualStudioProjects\lab3sp\lab3_3\lab3_3.cpp(51,22): warning C4566: character represented by universal-character-name '\u0432' cannot be represented in the current code page (1252)
C:\Projects\VisualStudioProjects\lab3sp\lab3_3\lab3_3.cpp(51,22): warning C4566: character represented by universal-character-name '\u044B' cannot be represented in the current code page (1252)
C:\Projects\VisualStudioProjects\lab3sp\lab3_3\lab3_3.cpp(51,22): warning C4566: character represented by universal-character-name '\u0438' cannot be represented in the current code page (1252)
C:\Projects\VisualStudioProjects\lab3sp\lab3_3\lab3_3.cpp(51,22): warning C4566: character represented by universal-character-name '\u0442' cannot be represented in the current code page (1252)
C:\Projects\VisualStudioProjects\lab3sp\lab3_3\lab3_3.cpp(51,22): warning C4566: character represented by universal-character-name '\u043F' cannot be represented in the current code page (1252)
C:\Projects\VisualStudioProjects\lab3sp\lab3_3\lab3_3.cpp(51,22): warning C4566: character represented by universal-character-name '\u043C' cannot be represented in the current code page (1252)
C:\Projects\VisualStudioProjects\lab3sp\lab3_3\lab3_3.cpp(51,22): warning C4566: character represented by universal-character-name '\u044F' cannot be represented in the current code page (1252)
C:\Projects\VisualStudioProjects\lab3sp\lab3_3\lab3_3.cpp(51,22): warning C4566: character represented by universal-character-name '\u043D' cannot be represented in the current code page (1252)
C:\Projects\VisualStudioProjects\lab3sp\lab3_3\lab3_3.cpp(51,22): warning C4566: character represented by universal-character-name '\u0440' cannot be represented in the current code page (1252)
C:\Projects\VisualStudioProjects\lab3sp\lab3_3\lab3_3.cpp(51,22): warning C4566: character represented by universal-character-name '\u0446' cannot be represented in the current code page (1252)
C:\Projects\VisualStudioProjects\lab3sp\lab3_3\lab3_3.cpp(60,22): warning C4566: character represented by universal-character-name '\u041D' cannot be represented in the current code page (1252)
C:\Projects\VisualStudioProjects\lab3sp\lab3_3\lab3_3.cpp(60,22): warning C4566: character represented by universal-character-name '\u0435' cannot be represented in the current code page (1252)
C:\Projects\VisualStudioProjects\lab3sp\lab3_3\lab3_3.cpp(60,22): warning C4566: character represented by universal-character-name '\u0443' cannot be represented in the current code page (1252)
C:\Projects\VisualStudioProjects\lab3sp\lab3_3\lab3_3.cpp(60,22): warning C4566: character represented by universal-character-name '\u0434' cannot be represented in the current code page (1252)
C:\Projects\VisualStudioProjects\lab3sp\lab3_3\lab3_3.cpp(60,22): warning C4566: character represented by universal-character-name '\u0430' cannot be represented in the current code page (1252)
C:\Projects\VisualStudioProjects\lab3sp\lab3_3\lab3_3.cpp(60,22): warning C4566: character represented by universal-character-name '\u043B' cannot be represented in the current code page (1252)
C:\Projects\VisualStudioProjects\lab3sp\lab3_3\lab3_3.cpp(60,22): warning C4566: character represented by universal-character-name '\u043E' cannot be represented in the current code page (1252)
C:\Projects\VisualStudioProjects\lab3sp\lab3_3\lab3_3.cpp(60,22): warning C4566: character represented by universal-character-name '\u0441' cannot be represented in the current code page (1252)
C:\Projects\VisualStudioProjects\lab3sp\lab3_3\lab3_3.cpp(60,22): warning C4566: character represented by universal-character-name '\u044C' cannot be represented in the current code page (1252)
C:\Projects\VisualStudioProjects\lab3sp\lab3_3\lab3_3.cpp(60,22): warning C4566: character represented by universal-character-name '\u0437' cannot be represented in the current code page (1252)
C:\Projects\VisualStudioProjects\lab3sp\lab3_3\lab3_3.cpp(60,22): warning C4566: character represented by universal-character-name '\u043F' cannot be represented in the current code page (1252)
C:\Projects\VisualStudioProjects\lab3sp\lab3_3\lab3_3.cpp(60,22): warning C4566: character represented by universal-character-name '\u0438' cannot be represented in the current code page (1252)
C:\Projects\VisualStudioProjects\lab3sp\lab3_3\lab3_3.cpp(60,22): warning C4566: character represented by universal-character-name '\u0442' cannot be represented in the current code page (1252)
C:\Projects\VisualStudioProjects\lab3sp\lab3_3\lab3_3.cpp(60,22): warning C4566: character represented by universal-character-name '\u043C' cannot be represented in the current code page (1252)
C:\Projects\VisualStudioProjects\lab3sp\lab3_3\lab3_3.cpp(60,22): warning C4566: character represented by universal-character-name '\u044F' cannot be represented in the current code page (1252)
C:\Projects\VisualStudioProjects\lab3sp\lab3_3\lab3_3.cpp(60,22): warning C4566: character represented by universal-character-name '\u0432' cannot be represented in the current code page (1252)
C:\Projects\VisualStudioProjects\lab3sp\lab3_3\lab3_3.cpp(60,22): warning C4566: character represented by universal-character-name '\u043D' cannot be represented in the current code page (1252)
C:\Projects\VisualStudioProjects\lab3sp\lab3_3\lab3_3.cpp(60,22): warning C4566: character represented by universal-character-name '\u044B' cannot be represented in the current code page (1252)
C:\Projects\VisualStudioProjects\lab3sp\lab3_3\lab3_3.cpp(60,22): warning C4566: character represented by universal-character-name '\u0439' cannot be represented in the current code page (1252)
C:\Projects\VisualStudioProjects\lab3sp\lab3_3\lab3_3.cpp(60,22): warning C4566: character represented by universal-character-name '\u0440' cannot be represented in the current code page (1252)
C:\Projects\VisualStudioProjects\lab3sp\lab3_3\lab3_3.cpp(60,22): warning C4566: character represented by universal-character-name '\u0446' cannot be represented in the current code page (1252)
C:\Projects\VisualStudioProjects\lab3sp\lab3_3\lab3_3.cpp(71,22): warning C4566: character represented by universal-character-name '\u041D' cannot be represented in the current code page (1252)
C:\Projects\VisualStudioProjects\lab3sp\lab3_3\lab3_3.cpp(71,22): warning C4566: character represented by universal-character-name '\u0435' cannot be represented in the current code page (1252)
C:\Projects\VisualStudioProjects\lab3sp\lab3_3\lab3_3.cpp(71,22): warning C4566: character represented by universal-character-name '\u0443' cannot be represented in the current code page (1252)
C:\Projects\VisualStudioProjects\lab3sp\lab3_3\lab3_3.cpp(71,22): warning C4566: character represented by universal-character-name '\u0434' cannot be represented in the current code page (1252)
C:\Projects\VisualStudioProjects\lab3sp\lab3_3\lab3_3.cpp(71,22): warning C4566: character represented by universal-character-name '\u0430' cannot be represented in the current code page (1252)
C:\Projects\VisualStudioProjects\lab3sp\lab3_3\lab3_3.cpp(71,22): warning C4566: character represented by universal-character-name '\u043B' cannot be represented in the current code page (1252)
C:\Projects\VisualStudioProjects\lab3sp\lab3_3\lab3_3.cpp(71,22): warning C4566: character represented by universal-character-name '\u043E' cannot be represented in the current code page (1252)
C:\Projects\VisualStudioProjects\lab3sp\lab3_3\lab3_3.cpp(71,22): warning C4566: character represented by universal-character-name '\u0441' cannot be represented in the current code page (1252)
C:\Projects\VisualStudioProjects\lab3sp\lab3_3\lab3_3.cpp(71,22): warning C4566: character represented by universal-character-name '\u044C' cannot be represented in the current code page (1252)
C:\Projects\VisualStudioProjects\lab3sp\lab3_3\lab3_3.cpp(71,22): warning C4566: character represented by universal-character-name '\u0437' cannot be represented in the current code page (1252)
C:\Projects\VisualStudioProjects\lab3sp\lab3_3\lab3_3.cpp(71,22): warning C4566: character represented by universal-character-name '\u0442' cannot be represented in the current code page (1252)
C:\Projects\VisualStudioProjects\lab3sp\lab3_3\lab3_3.cpp(71,22): warning C4566: character represented by universal-character-name '\u043D' cannot be represented in the current code page (1252)
C:\Projects\VisualStudioProjects\lab3sp\lab3_3\lab3_3.cpp(71,22): warning C4566: character represented by universal-character-name '\u044B' cannot be represented in the current code page (1252)
C:\Projects\VisualStudioProjects\lab3sp\lab3_3\lab3_3.cpp(71,22): warning C4566: character represented by universal-character-name '\u0439' cannot be represented in the current code page (1252)
C:\Projects\VisualStudioProjects\lab3sp\lab3_3\lab3_3.cpp(71,22): warning C4566: character represented by universal-character-name '\u043F' cannot be represented in the current code page (1252)
C:\Projects\VisualStudioProjects\lab3sp\lab3_3\lab3_3.cpp(71,22): warning C4566: character represented by universal-character-name '\u043A' cannot be represented in the current code page (1252)
  lab3_3.vcxproj -> C:\Projects\VisualStudioProjects\lab3sp\lab3_3\x64\Debug\lab3_3.exe
